yarn run v1.13.0
$ node src
_________________________________________________________________
Layer (type)                 Output shape              Param #   
=================================================================
conv2d_Conv2D1 (Conv2D)      [null,28,28,32]           832       
_________________________________________________________________
conv2d_Conv2D2 (Conv2D)      [null,28,28,32]           25632     
_________________________________________________________________
max_pooling2d_MaxPooling2D1  [null,14,14,32]           0         
_________________________________________________________________
dropout_Dropout1 (Dropout)   [null,14,14,32]           0         
_________________________________________________________________
conv2d_Conv2D3 (Conv2D)      [null,14,14,64]           18496     
_________________________________________________________________
conv2d_Conv2D4 (Conv2D)      [null,14,14,64]           36928     
_________________________________________________________________
max_pooling2d_MaxPooling2D2  [null,7,7,64]             0         
_________________________________________________________________
dropout_Dropout2 (Dropout)   [null,7,7,64]             0         
_________________________________________________________________
flatten_Flatten1 (Flatten)   [null,3136]               0         
_________________________________________________________________
dense_Dense1 (Dense)         [null,256]                803072    
_________________________________________________________________
dropout_Dropout3 (Dropout)   [null,256]                0         
_________________________________________________________________
dense_Dense2 (Dense)         [null,10]                 2570      
=================================================================
Total params: 887530
Trainable params: 887530
Non-trainable params: 0
_________________________________________________________________
Epoch 1 / 1
250058ms 7694us/step - acc=0.694 loss=1.51 val_acc=0.957 val_loss=0.134 
Epoch 1 / 1
245933ms 7567us/step - acc=0.934 loss=0.373 val_acc=0.973 val_loss=0.0801 
Epoch 1 / 1
248128ms 7635us/step - acc=0.951 loss=0.164 val_acc=0.980 val_loss=0.0580 
Epoch 1 / 1
246716ms 7591us/step - acc=0.965 loss=0.110 val_acc=0.984 val_loss=0.0524 
Epoch 1 / 1
247435ms 7613us/step - acc=0.966 loss=0.113 val_acc=0.984 val_loss=0.0449 
Epoch 1 / 1
244480ms 7522us/step - acc=0.976 loss=0.0776 val_acc=0.988 val_loss=0.0379 
Epoch 1 / 1
241818ms 7441us/step - acc=0.974 loss=0.0834 val_acc=0.987 val_loss=0.0380 
Epoch 1 / 1
241740ms 7438us/step - acc=0.980 loss=0.0671 val_acc=0.986 val_loss=0.0417 
Epoch 1 / 1
239497ms 7369us/step - acc=0.980 loss=0.0716 val_acc=0.989 val_loss=0.0312 
Epoch 1 / 1
240322ms 7395us/step - acc=0.982 loss=0.0592 val_acc=0.990 val_loss=0.0291 
Done in 2631.12s.
